               WD01/DL07 grain model for R_V=3.1, q_PAH=0.046
 2.000E-03 = a1 (um)
 2.000E-02 = a2 (um)
                              sigma_abs (um^2/H)
           --------- carbon -----------  -------- silicate ----------
lambda      a<a1     a1<a<a2    a2<a      a<a1     a1<a<a2    a2<a 
 (um)     (um^2/H)  (um^2/H)  (um^2/H)  (um^2/H)  (um^2/H)  (um^2/H) 
1.000E-01 5.153E-14 2.141E-14 1.210E-14 3.695E-15 2.829E-14 3.620E-14
1.009E-01 5.037E-14 2.084E-14 1.214E-14 3.576E-15 2.773E-14 3.628E-14
1.019E-01 4.921E-14 2.028E-14 1.218E-14 3.452E-15 2.713E-14 3.637E-14
1.028E-01 4.804E-14 1.969E-14 1.222E-14 3.320E-15 2.646E-14 3.646E-14
1.038E-01 4.688E-14 1.904E-14 1.226E-14 3.182E-15 2.571E-14 3.655E-14
1.047E-01 4.572E-14 1.837E-14 1.229E-14 3.049E-15 2.496E-14 3.665E-14
1.057E-01 4.456E-14 1.768E-14 1.232E-14 2.936E-15 2.429E-14 3.673E-14
1.067E-01 4.341E-14 1.699E-14 1.236E-14 2.836E-15 2.367E-14 3.682E-14
1.076E-01 4.228E-14 1.632E-14 1.241E-14 2.745E-15 2.308E-14 3.690E-14
1.086E-01 4.115E-14 1.565E-14 1.247E-14 2.658E-15 2.252E-14 3.697E-14
1.096E-01 4.004E-14 1.503E-14 1.252E-14 2.577E-15 2.198E-14 3.705E-14
1.107E-01 3.894E-14 1.447E-14 1.257E-14 2.499E-15 2.145E-14 3.712E-14
1.117E-01 3.787E-14 1.396E-14 1.265E-14 2.426E-15 2.094E-14 3.718E-14
1.127E-01 3.681E-14 1.348E-14 1.274E-14 2.355E-15 2.045E-14 3.725E-14
1.138E-01 3.577E-14 1.300E-14 1.283E-14 2.287E-15 1.996E-14 3.731E-14
1.148E-01 3.474E-14 1.252E-14 1.293E-14 2.223E-15 1.949E-14 3.736E-14
1.159E-01 3.374E-14 1.207E-14 1.296E-14 2.160E-15 1.903E-14 3.742E-14
1.169E-01 3.276E-14 1.163E-14 1.298E-14 2.099E-15 1.858E-14 3.747E-14
1.180E-01 3.180E-14 1.122E-14 1.298E-14 2.041E-15 1.813E-14 3.752E-14
1.191E-01 3.086E-14 1.080E-14 1.297E-14 1.985E-15 1.770E-14 3.756E-14
1.202E-01 2.995E-14 1.040E-14 1.295E-14 1.930E-15 1.727E-14 3.760E-14
1.213E-01 2.906E-14 1.000E-14 1.292E-14 1.878E-15 1.685E-14 3.764E-14
1.225E-01 2.819E-14 9.626E-15 1.288E-14 1.826E-15 1.644E-14 3.768E-14
1.236E-01 2.735E-14 9.268E-15 1.282E-14 1.776E-15 1.603E-14 3.771E-14
1.247E-01 2.654E-14 8.930E-15 1.275E-14 1.728E-15 1.564E-14 3.774E-14
1.259E-01 2.575E-14 8.612E-15 1.266E-14 1.681E-15 1.525E-14 3.776E-14
1.271E-01 2.499E-14 8.315E-15 1.256E-14 1.635E-15 1.486E-14 3.778E-14
1.282E-01 2.425E-14 8.040E-15 1.246E-14 1.590E-15 1.448E-14 3.780E-14
1.294E-01 2.355E-14 7.785E-15 1.235E-14 1.545E-15 1.411E-14 3.782E-14
1.306E-01 2.256E-14 7.470E-15 1.224E-14 1.502E-15 1.374E-14 3.783E-14
1.318E-01 2.201E-14 7.279E-15 1.213E-14 1.460E-15 1.338E-14 3.783E-14
1.330E-01 2.150E-14 7.106E-15 1.203E-14 1.418E-15 1.302E-14 3.784E-14
1.343E-01 2.102E-14 6.950E-15 1.192E-14 1.377E-15 1.266E-14 3.783E-14
1.355E-01 2.057E-14 6.809E-15 1.183E-14 1.337E-15 1.231E-14 3.783E-14
1.368E-01 2.016E-14 6.683E-15 1.173E-14 1.296E-15 1.196E-14 3.782E-14
1.380E-01 1.978E-14 6.569E-15 1.164E-14 1.256E-15 1.161E-14 3.781E-14
1.393E-01 1.942E-14 6.467E-15 1.155E-14 1.216E-15 1.126E-14 3.779E-14
1.406E-01 1.910E-14 6.376E-15 1.146E-14 1.175E-15 1.090E-14 3.777E-14
1.419E-01 1.881E-14 6.297E-15 1.137E-14 1.132E-15 1.053E-14 3.775E-14
1.432E-01 1.854E-14 6.232E-15 1.129E-14 1.082E-15 1.010E-14 3.771E-14
1.445E-01 1.831E-14 6.181E-15 1.121E-14 1.025E-15 9.612E-15 3.764E-14
1.459E-01 1.810E-14 6.143E-15 1.113E-14 9.649E-16 9.080E-15 3.754E-14
1.472E-01 1.792E-14 6.122E-15 1.108E-14 9.037E-16 8.523E-15 3.739E-14
1.486E-01 1.777E-14 6.113E-15 1.103E-14 8.449E-16 7.977E-15 3.721E-14
1.500E-01 1.764E-14 6.116E-15 1.099E-14 7.857E-16 7.419E-15 3.696E-14
1.514E-01 1.754E-14 6.130E-15 1.095E-14 7.290E-16 6.876E-15 3.667E-14
1.528E-01 1.747E-14 6.155E-15 1.093E-14 6.757E-16 6.361E-15 3.633E-14
1.542E-01 1.742E-14 6.190E-15 1.091E-14 6.254E-16 5.871E-15 3.594E-14
1.556E-01 1.740E-14 6.235E-15 1.089E-14 5.784E-16 5.411E-15 3.549E-14
1.570E-01 1.741E-14 6.290E-15 1.089E-14 5.354E-16 4.987E-15 3.499E-14
1.585E-01 1.745E-14 6.356E-15 1.089E-14 4.953E-16 4.592E-15 3.444E-14
1.600E-01 1.751E-14 6.433E-15 1.089E-14 4.579E-16 4.223E-15 3.384E-14
1.614E-01 1.761E-14 6.523E-15 1.090E-14 4.234E-16 3.884E-15 3.319E-14
1.629E-01 1.774E-14 6.627E-15 1.092E-14 3.915E-16 3.572E-15 3.251E-14
1.644E-01 1.789E-14 6.743E-15 1.093E-14 3.620E-16 3.284E-15 3.178E-14
1.660E-01 1.808E-14 6.874E-15 1.095E-14 3.352E-16 3.024E-15 3.103E-14
1.675E-01 1.831E-14 7.021E-15 1.098E-14 3.107E-16 2.788E-15 3.026E-14
1.690E-01 1.857E-14 7.184E-15 1.101E-14 2.879E-16 2.569E-15 2.946E-14
1.706E-01 1.887E-14 7.361E-15 1.103E-14 2.672E-16 2.371E-15 2.864E-14
1.722E-01 1.921E-14 7.552E-15 1.106E-14 2.482E-16 2.191E-15 2.780E-14
1.738E-01 1.957E-14 7.760E-15 1.109E-14 2.304E-16 2.024E-15 2.695E-14
1.754E-01 1.998E-14 7.989E-15 1.113E-14 2.139E-16 1.869E-15 2.610E-14
1.770E-01 2.043E-14 8.238E-15 1.118E-14 1.985E-16 1.726E-15 2.523E-14
1.786E-01 2.094E-14 8.511E-15 1.123E-14 1.843E-16 1.595E-15 2.433E-14
1.803E-01 2.149E-14 8.810E-15 1.128E-14 1.712E-16 1.475E-15 2.343E-14
1.820E-01 2.211E-14 9.140E-15 1.134E-14 1.593E-16 1.366E-15 2.254E-14
1.837E-01 2.280E-14 9.502E-15 1.140E-14 1.482E-16 1.266E-15 2.168E-14
1.854E-01 2.356E-14 9.899E-15 1.148E-14 1.381E-16 1.174E-15 2.085E-14
1.871E-01 2.441E-14 1.034E-14 1.156E-14 1.288E-16 1.091E-15 2.004E-14
1.888E-01 2.535E-14 1.082E-14 1.166E-14 1.203E-16 1.015E-15 1.922E-14
1.905E-01 2.640E-14 1.134E-14 1.176E-14 1.124E-16 9.450E-16 1.839E-14
1.923E-01 2.755E-14 1.191E-14 1.190E-14 1.048E-16 8.774E-16 1.755E-14
1.941E-01 2.882E-14 1.253E-14 1.204E-14 9.766E-17 8.150E-16 1.675E-14
1.959E-01 3.021E-14 1.320E-14 1.220E-14 9.112E-17 7.577E-16 1.600E-14
1.977E-01 3.172E-14 1.390E-14 1.237E-14 8.510E-17 7.054E-16 1.531E-14
1.995E-01 3.334E-14 1.464E-14 1.255E-14 7.962E-17 6.578E-16 1.464E-14
2.014E-01 3.505E-14 1.541E-14 1.274E-14 7.460E-17 6.144E-16 1.392E-14
2.032E-01 3.684E-14 1.618E-14 1.293E-14 7.005E-17 5.751E-16 1.321E-14
2.051E-01 3.866E-14 1.694E-14 1.312E-14 6.596E-17 5.399E-16 1.259E-14
2.070E-01 4.044E-14 1.766E-14 1.332E-14 6.231E-17 5.086E-16 1.204E-14
2.089E-01 4.212E-14 1.831E-14 1.350E-14 5.909E-17 4.809E-16 1.156E-14
2.109E-01 4.359E-14 1.886E-14 1.368E-14 5.623E-17 4.564E-16 1.118E-14
2.128E-01 4.478E-14 1.927E-14 1.384E-14 5.367E-17 4.344E-16 1.081E-14
2.148E-01 4.559E-14 1.951E-14 1.399E-14 5.143E-17 4.153E-16 1.035E-14
2.168E-01 4.595E-14 1.955E-14 1.411E-14 4.949E-17 3.986E-16 9.932E-15
2.188E-01 4.584E-14 1.934E-14 1.420E-14 4.783E-17 3.843E-16 9.600E-15
2.208E-01 4.525E-14 1.891E-14 1.424E-14 4.642E-17 3.721E-16 9.332E-15
2.228E-01 4.424E-14 1.831E-14 1.425E-14 4.530E-17 3.623E-16 9.118E-15
2.249E-01 4.287E-14 1.760E-14 1.423E-14 4.442E-17 3.545E-16 8.988E-15
2.270E-01 4.124E-14 1.683E-14 1.420E-14 4.379E-17 3.487E-16 8.933E-15
2.291E-01 3.945E-14 1.602E-14 1.414E-14 4.332E-17 3.442E-16 8.784E-15
2.312E-01 3.757E-14 1.519E-14 1.406E-14 4.295E-17 3.406E-16 8.616E-15
2.333E-01 3.569E-14 1.435E-14 1.396E-14 4.264E-17 3.375E-16 8.486E-15
2.355E-01 3.384E-14 1.354E-14 1.383E-14 4.241E-17 3.350E-16 8.381E-15
2.377E-01 3.207E-14 1.275E-14 1.369E-14 4.225E-17 3.331E-16 8.308E-15
2.399E-01 3.041E-14 1.203E-14 1.355E-14 4.213E-17 3.317E-16 8.267E-15
2.421E-01 2.887E-14 1.136E-14 1.341E-14 4.222E-17 3.318E-16 8.295E-15
2.443E-01 2.745E-14 1.076E-14 1.328E-14 4.226E-17 3.316E-16 8.323E-15
2.466E-01 2.615E-14 1.022E-14 1.317E-14 4.224E-17 3.309E-16 8.269E-15
2.489E-01 2.496E-14 9.734E-15 1.307E-14 4.216E-17 3.297E-16 8.181E-15
2.512E-01 2.388E-14 9.296E-15 1.298E-14 4.200E-17 3.280E-16 8.091E-15
2.535E-01 2.290E-14 8.901E-15 1.290E-14 4.179E-17 3.258E-16 7.993E-15
2.559E-01 2.201E-14 8.544E-15 1.283E-14 4.155E-17 3.235E-16 7.903E-15
2.582E-01 2.120E-14 8.222E-15 1.277E-14 4.130E-17 3.211E-16 7.840E-15
2.606E-01 2.046E-14 7.920E-15 1.272E-14 4.106E-17 3.188E-16 7.806E-15
2.630E-01 1.979E-14 7.648E-15 1.267E-14 4.082E-17 3.165E-16 7.787E-15
2.655E-01 1.918E-14 7.402E-15 1.264E-14 4.057E-17 3.141E-16 7.731E-15
2.679E-01 1.863E-14 7.176E-15 1.261E-14 4.032E-17 3.118E-16 7.643E-15
2.704E-01 1.812E-14 6.968E-15 1.260E-14 4.006E-17 3.094E-16 7.552E-15
2.729E-01 1.765E-14 6.776E-15 1.258E-14 3.980E-17 3.071E-16 7.456E-15
2.754E-01 1.723E-14 6.600E-15 1.258E-14 3.954E-17 3.047E-16 7.357E-15
2.780E-01 1.683E-14 6.438E-15 1.258E-14 3.927E-17 3.023E-16 7.278E-15
2.805E-01 1.647E-14 6.287E-15 1.259E-14 3.901E-17 2.999E-16 7.226E-15
2.831E-01 1.614E-14 6.145E-15 1.260E-14 3.874E-17 2.975E-16 7.194E-15
2.858E-01 1.582E-14 6.011E-15 1.261E-14 3.847E-17 2.951E-16 7.155E-15
2.884E-01 1.554E-14 5.888E-15 1.262E-14 3.820E-17 2.928E-16 7.088E-15
2.911E-01 1.527E-14 5.772E-15 1.262E-14 3.794E-17 2.904E-16 7.005E-15
2.938E-01 1.502E-14 5.661E-15 1.262E-14 3.767E-17 2.881E-16 6.920E-15
2.965E-01 1.479E-14 5.555E-15 1.261E-14 3.741E-17 2.858E-16 6.829E-15
2.992E-01 1.457E-14 5.455E-15 1.260E-14 3.715E-17 2.835E-16 6.741E-15
3.020E-01 1.437E-14 5.359E-15 1.259E-14 3.688E-17 2.813E-16 6.673E-15
3.048E-01 1.410E-14 5.250E-15 1.258E-14 3.662E-17 2.790E-16 6.627E-15
3.076E-01 1.380E-14 5.132E-15 1.256E-14 3.635E-17 2.767E-16 6.591E-15
3.105E-01 1.350E-14 5.016E-15 1.255E-14 3.608E-17 2.744E-16 6.544E-15
3.133E-01 1.320E-14 4.903E-15 1.253E-14 3.580E-17 2.721E-16 6.477E-15
3.162E-01 1.291E-14 4.793E-15 1.251E-14 3.553E-17 2.698E-16 6.398E-15
3.192E-01 1.262E-14 4.685E-15 1.249E-14 3.526E-17 2.675E-16 6.315E-15
3.221E-01 1.234E-14 4.579E-15 1.247E-14 3.499E-17 2.652E-16 6.231E-15
3.251E-01 1.206E-14 4.476E-15 1.245E-14 3.471E-17 2.629E-16 6.155E-15
3.281E-01 1.178E-14 4.375E-15 1.242E-14 3.445E-17 2.607E-16 6.095E-15
3.311E-01 1.151E-14 4.277E-15 1.240E-14 3.418E-17 2.585E-16 6.050E-15
3.342E-01 1.124E-14 4.181E-15 1.237E-14 3.392E-17 2.563E-16 6.009E-15
3.373E-01 1.098E-14 4.087E-15 1.234E-14 3.366E-17 2.542E-16 5.959E-15
3.404E-01 1.072E-14 3.995E-15 1.231E-14 3.340E-17 2.520E-16 5.895E-15
3.436E-01 1.046E-14 3.906E-15 1.229E-14 3.314E-17 2.499E-16 5.820E-15
3.467E-01 1.021E-14 3.819E-15 1.226E-14 3.288E-17 2.478E-16 5.743E-15
3.499E-01 9.960E-15 3.734E-15 1.223E-14 3.262E-17 2.456E-16 5.669E-15
3.532E-01 9.716E-15 3.651E-15 1.220E-14 3.236E-17 2.435E-16 5.603E-15
3.565E-01 9.475E-15 3.570E-15 1.216E-14 3.210E-17 2.414E-16 5.548E-15
3.597E-01 9.239E-15 3.490E-15 1.213E-14 3.184E-17 2.393E-16 5.502E-15
3.631E-01 9.006E-15 3.413E-15 1.210E-14 3.159E-17 2.372E-16 5.457E-15
3.664E-01 8.777E-15 3.336E-15 1.207E-14 3.133E-17 2.352E-16 5.407E-15
3.698E-01 8.552E-15 3.260E-15 1.203E-14 3.108E-17 2.332E-16 5.346E-15
3.733E-01 8.331E-15 3.185E-15 1.200E-14 3.083E-17 2.312E-16 5.279E-15
3.767E-01 8.114E-15 3.111E-15 1.196E-14 3.058E-17 2.292E-16 5.210E-15
3.802E-01 7.900E-15 3.039E-15 1.192E-14 3.033E-17 2.272E-16 5.144E-15
3.837E-01 7.690E-15 2.968E-15 1.189E-14 3.009E-17 2.252E-16 5.085E-15
3.873E-01 7.484E-15 2.898E-15 1.185E-14 2.984E-17 2.233E-16 5.033E-15
3.908E-01 7.282E-15 2.829E-15 1.181E-14 2.960E-17 2.213E-16 4.986E-15
3.945E-01 7.084E-15 2.762E-15 1.177E-14 2.936E-17 2.194E-16 4.940E-15
3.981E-01 6.889E-15 2.695E-15 1.173E-14 2.911E-17 2.175E-16 4.891E-15
4.018E-01 6.698E-15 2.630E-15 1.169E-14 2.887E-17 2.156E-16 4.837E-15
4.055E-01 6.511E-15 2.565E-15 1.164E-14 2.863E-17 2.137E-16 4.777E-15
4.093E-01 6.327E-15 2.502E-15 1.160E-14 2.839E-17 2.118E-16 4.717E-15
4.130E-01 6.147E-15 2.440E-15 1.155E-14 2.815E-17 2.099E-16 4.657E-15
4.169E-01 5.971E-15 2.379E-15 1.150E-14 2.791E-17 2.080E-16 4.602E-15
4.207E-01 5.798E-15 2.319E-15 1.145E-14 2.768E-17 2.062E-16 4.550E-15
4.246E-01 5.629E-15 2.260E-15 1.140E-14 2.744E-17 2.043E-16 4.501E-15
4.285E-01 5.463E-15 2.202E-15 1.135E-14 2.721E-17 2.025E-16 4.453E-15
4.325E-01 5.301E-15 2.146E-15 1.130E-14 2.697E-17 2.007E-16 4.405E-15
4.365E-01 5.142E-15 2.091E-15 1.124E-14 2.674E-17 1.989E-16 4.356E-15
4.406E-01 4.987E-15 2.037E-15 1.119E-14 2.652E-17 1.971E-16 4.305E-15
4.446E-01 4.835E-15 1.984E-15 1.113E-14 2.629E-17 1.953E-16 4.252E-15
4.487E-01 4.686E-15 1.933E-15 1.107E-14 2.606E-17 1.936E-16 4.199E-15
4.529E-01 4.540E-15 1.883E-15 1.102E-14 2.584E-17 1.918E-16 4.148E-15
4.571E-01 4.398E-15 1.834E-15 1.096E-14 2.562E-17 1.901E-16 4.099E-15
4.613E-01 4.259E-15 1.786E-15 1.090E-14 2.539E-17 1.884E-16 4.051E-15
4.656E-01 4.123E-15 1.740E-15 1.084E-14 2.518E-17 1.867E-16 4.005E-15
4.699E-01 3.991E-15 1.694E-15 1.078E-14 2.496E-17 1.850E-16 3.959E-15
4.742E-01 3.861E-15 1.650E-15 1.072E-14 2.474E-17 1.834E-16 3.914E-15
4.786E-01 3.734E-15 1.607E-15 1.066E-14 2.453E-17 1.817E-16 3.868E-15
4.831E-01 3.610E-15 1.565E-15 1.060E-14 2.432E-17 1.801E-16 3.822E-15
4.875E-01 3.489E-15 1.524E-15 1.054E-14 2.411E-17 1.785E-16 3.775E-15
4.920E-01 3.371E-15 1.485E-15 1.048E-14 2.390E-17 1.769E-16 3.729E-15
4.966E-01 3.255E-15 1.446E-15 1.042E-14 2.370E-17 1.753E-16 3.683E-15
5.012E-01 3.142E-15 1.409E-15 1.036E-14 2.349E-17 1.738E-16 3.637E-15
5.058E-01 3.031E-15 1.372E-15 1.030E-14 2.329E-17 1.722E-16 3.593E-15
5.105E-01 2.922E-15 1.336E-15 1.023E-14 2.309E-17 1.707E-16 3.550E-15
5.152E-01 2.816E-15 1.301E-15 1.017E-14 2.289E-17 1.691E-16 3.508E-15
5.200E-01 2.712E-15 1.267E-15 1.011E-14 2.269E-17 1.676E-16 3.466E-15
5.248E-01 2.611E-15 1.234E-15 1.005E-14 2.249E-17 1.661E-16 3.425E-15
5.297E-01 2.512E-15 1.202E-15 9.983E-15 2.230E-17 1.647E-16 3.383E-15
5.346E-01 2.416E-15 1.171E-15 9.920E-15 2.211E-17 1.632E-16 3.341E-15
5.395E-01 2.324E-15 1.140E-15 9.856E-15 2.192E-17 1.617E-16 3.299E-15
5.445E-01 2.233E-15 1.110E-15 9.793E-15 2.173E-17 1.603E-16 3.258E-15
5.495E-01 2.146E-15 1.081E-15 9.729E-15 2.154E-17 1.589E-16 3.217E-15
5.546E-01 2.061E-15 1.053E-15 9.665E-15 2.135E-17 1.574E-16 3.177E-15
5.598E-01 1.978E-15 1.026E-15 9.600E-15 2.117E-17 1.560E-16 3.138E-15
5.649E-01 1.899E-15 9.990E-16 9.536E-15 2.098E-17 1.546E-16 3.099E-15
5.702E-01 1.822E-15 9.730E-16 9.471E-15 2.080E-17 1.533E-16 3.061E-15
5.754E-01 1.747E-15 9.477E-16 9.406E-15 2.062E-17 1.519E-16 3.023E-15
5.808E-01 1.675E-15 9.231E-16 9.342E-15 2.044E-17 1.505E-16 2.985E-15
5.861E-01 1.605E-15 8.992E-16 9.277E-15 2.026E-17 1.492E-16 2.947E-15
5.916E-01 1.538E-15 8.760E-16 9.212E-15 2.008E-17 1.479E-16 2.910E-15
5.970E-01 1.473E-15 8.534E-16 9.147E-15 1.991E-17 1.465E-16 2.873E-15
6.026E-01 1.410E-15 8.314E-16 9.082E-15 1.974E-17 1.452E-16 2.836E-15
6.081E-01 1.350E-15 8.101E-16 9.018E-15 1.956E-17 1.439E-16 2.800E-15
6.138E-01 1.291E-15 7.893E-16 8.953E-15 1.939E-17 1.427E-16 2.764E-15
6.194E-01 1.235E-15 7.692E-16 8.888E-15 1.922E-17 1.414E-16 2.729E-15
6.252E-01 1.181E-15 7.497E-16 8.824E-15 1.906E-17 1.401E-16 2.694E-15
6.310E-01 1.128E-15 7.307E-16 8.759E-15 1.889E-17 1.389E-16 2.659E-15
6.368E-01 1.077E-15 7.122E-16 8.695E-15 1.872E-17 1.376E-16 2.625E-15
6.427E-01 1.027E-15 6.944E-16 8.632E-15 1.856E-17 1.364E-16 2.591E-15
6.486E-01 9.786E-16 6.770E-16 8.568E-15 1.840E-17 1.352E-16 2.557E-15
6.546E-01 9.312E-16 6.602E-16 8.505E-15 1.824E-17 1.340E-16 2.524E-15
6.607E-01 8.852E-16 6.437E-16 8.441E-15 1.808E-17 1.328E-16 2.491E-15
6.668E-01 8.407E-16 6.276E-16 8.376E-15 1.792E-17 1.316E-16 2.459E-15
6.730E-01 7.980E-16 6.120E-16 8.312E-15 1.777E-17 1.305E-16 2.427E-15
6.792E-01 7.568E-16 5.969E-16 8.247E-15 1.761E-17 1.293E-16 2.395E-15
6.855E-01 7.174E-16 5.822E-16 8.183E-15 1.746E-17 1.282E-16 2.364E-15
6.918E-01 6.796E-16 5.679E-16 8.120E-15 1.731E-17 1.270E-16 2.333E-15
6.982E-01 6.435E-16 5.540E-16 8.056E-15 1.716E-17 1.259E-16 2.302E-15
7.047E-01 6.092E-16 5.406E-16 7.993E-15 1.701E-17 1.248E-16 2.272E-15
7.112E-01 5.766E-16 5.275E-16 7.930E-15 1.687E-17 1.237E-16 2.242E-15
7.178E-01 5.457E-16 5.148E-16 7.868E-15 1.672E-17 1.227E-16 2.212E-15
7.244E-01 5.165E-16 5.025E-16 7.805E-15 1.658E-17 1.216E-16 2.183E-15
7.311E-01 4.889E-16 4.905E-16 7.743E-15 1.644E-17 1.205E-16 2.154E-15
7.379E-01 4.627E-16 4.789E-16 7.681E-15 1.630E-17 1.195E-16 2.126E-15
7.447E-01 4.379E-16 4.676E-16 7.619E-15 1.616E-17 1.184E-16 2.098E-15
7.516E-01 4.143E-16 4.566E-16 7.557E-15 1.602E-17 1.174E-16 2.070E-15
7.586E-01 3.919E-16 4.460E-16 7.495E-15 1.588E-17 1.164E-16 2.042E-15
7.656E-01 3.706E-16 4.357E-16 7.434E-15 1.575E-17 1.154E-16 2.015E-15
7.727E-01 3.503E-16 4.257E-16 7.373E-15 1.561E-17 1.144E-16 1.988E-15
7.798E-01 3.310E-16 4.160E-16 7.312E-15 1.548E-17 1.134E-16 1.961E-15
7.870E-01 3.128E-16 4.066E-16 7.252E-15 1.534E-17 1.124E-16 1.935E-15
7.943E-01 2.956E-16 3.974E-16 7.192E-15 1.521E-17 1.114E-16 1.909E-15
8.017E-01 2.795E-16 3.886E-16 7.132E-15 1.508E-17 1.104E-16 1.883E-15
8.091E-01 2.645E-16 3.801E-16 7.072E-15 1.495E-17 1.095E-16 1.858E-15
8.166E-01 2.504E-16 3.718E-16 7.012E-15 1.482E-17 1.085E-16 1.833E-15
8.241E-01 2.373E-16 3.638E-16 6.953E-15 1.469E-17 1.076E-16 1.808E-15
8.318E-01 2.253E-16 3.560E-16 6.894E-15 1.457E-17 1.066E-16 1.783E-15
8.395E-01 2.142E-16 3.485E-16 6.835E-15 1.444E-17 1.057E-16 1.759E-15
8.472E-01 2.041E-16 3.413E-16 6.777E-15 1.432E-17 1.048E-16 1.735E-15
8.551E-01 1.949E-16 3.343E-16 6.719E-15 1.419E-17 1.038E-16 1.711E-15
8.630E-01 1.867E-16 3.276E-16 6.662E-15 1.407E-17 1.029E-16 1.687E-15
8.710E-01 1.795E-16 3.212E-16 6.605E-15 1.395E-17 1.020E-16 1.663E-15
8.790E-01 1.733E-16 3.150E-16 6.548E-15 1.383E-17 1.011E-16 1.640E-15
8.872E-01 1.680E-16 3.092E-16 6.492E-15 1.371E-17 1.003E-16 1.617E-15
8.954E-01 1.638E-16 3.036E-16 6.435E-15 1.359E-17 9.937E-17 1.594E-15
9.036E-01 1.608E-16 2.983E-16 6.379E-15 1.347E-17 9.850E-17 1.571E-15
9.120E-01 1.590E-16 2.934E-16 6.323E-15 1.335E-17 9.763E-17 1.549E-15
9.204E-01 1.585E-16 2.888E-16 6.269E-15 1.324E-17 9.677E-17 1.527E-15
9.290E-01 1.597E-16 2.847E-16 6.215E-15 1.312E-17 9.592E-17 1.505E-15
9.376E-01 1.629E-16 2.811E-16 6.161E-15 1.301E-17 9.508E-17 1.483E-15
9.462E-01 1.685E-16 2.781E-16 6.108E-15 1.289E-17 9.425E-17 1.461E-15
9.550E-01 1.772E-16 2.760E-16 6.055E-15 1.278E-17 9.342E-17 1.439E-15
9.638E-01 1.901E-16 2.749E-16 6.001E-15 1.267E-17 9.260E-17 1.418E-15
9.727E-01 2.087E-16 2.754E-16 5.948E-15 1.256E-17 9.179E-17 1.397E-15
9.817E-01 2.356E-16 2.780E-16 5.895E-15 1.245E-17 9.098E-17 1.376E-15
9.908E-01 2.745E-16 2.837E-16 5.843E-15 1.234E-17 9.018E-17 1.356E-15
1.000E+00 3.318E-16 2.942E-16 5.792E-15 1.224E-17 8.939E-17 1.335E-15
1.009E+00 4.172E-16 3.120E-16 5.742E-15 1.213E-17 8.862E-17 1.315E-15
1.019E+00 5.448E-16 3.407E-16 5.691E-15 1.203E-17 8.785E-17 1.296E-15
1.028E+00 7.271E-16 3.836E-16 5.642E-15 1.192E-17 8.709E-17 1.276E-15
1.038E+00 9.465E-16 4.360E-16 5.592E-15 1.182E-17 8.633E-17 1.257E-15
1.047E+00 1.100E-15 4.719E-16 5.542E-15 1.172E-17 8.558E-17 1.238E-15
1.057E+00 1.055E-15 4.573E-16 5.492E-15 1.162E-17 8.484E-17 1.219E-15
1.067E+00 8.561E-16 4.034E-16 5.442E-15 1.152E-17 8.411E-17 1.201E-15
1.076E+00 6.448E-16 3.464E-16 5.392E-15 1.142E-17 8.338E-17 1.183E-15
1.086E+00 4.849E-16 3.027E-16 5.344E-15 1.132E-17 8.267E-17 1.165E-15
1.096E+00 3.763E-16 2.721E-16 5.297E-15 1.123E-17 8.195E-17 1.148E-15
1.107E+00 3.041E-16 2.509E-16 5.250E-15 1.113E-17 8.125E-17 1.131E-15
1.117E+00 2.560E-16 2.359E-16 5.203E-15 1.103E-17 8.055E-17 1.114E-15
1.127E+00 2.242E-16 2.251E-16 5.157E-15 1.094E-17 7.985E-17 1.097E-15
1.138E+00 2.035E-16 2.171E-16 5.110E-15 1.085E-17 7.916E-17 1.081E-15
1.148E+00 1.910E-16 2.114E-16 5.063E-15 1.075E-17 7.848E-17 1.065E-15
1.159E+00 1.851E-16 2.073E-16 5.017E-15 1.066E-17 7.780E-17 1.050E-15
1.169E+00 1.848E-16 2.046E-16 4.971E-15 1.057E-17 7.713E-17 1.034E-15
1.180E+00 1.896E-16 2.034E-16 4.927E-15 1.048E-17 7.647E-17 1.019E-15
1.191E+00 1.994E-16 2.034E-16 4.883E-15 1.039E-17 7.581E-17 1.005E-15
1.202E+00 2.139E-16 2.047E-16 4.840E-15 1.030E-17 7.516E-17 9.901E-16
1.213E+00 2.325E-16 2.072E-16 4.797E-15 1.021E-17 7.451E-17 9.759E-16
1.225E+00 2.535E-16 2.103E-16 4.754E-15 1.012E-17 7.387E-17 9.621E-16
1.236E+00 2.738E-16 2.132E-16 4.711E-15 1.004E-17 7.323E-17 9.485E-16
1.247E+00 2.885E-16 2.149E-16 4.668E-15 9.956E-18 7.263E-17 9.355E-16
1.259E+00 2.928E-16 2.139E-16 4.624E-15 9.876E-18 7.204E-17 9.230E-16
1.271E+00 2.843E-16 2.096E-16 4.581E-15 9.797E-18 7.146E-17 9.107E-16
1.282E+00 2.646E-16 2.026E-16 4.539E-15 9.718E-18 7.088E-17 8.987E-16
1.294E+00 2.381E-16 1.938E-16 4.497E-15 9.640E-18 7.031E-17 8.870E-16
1.306E+00 2.097E-16 1.846E-16 4.456E-15 9.564E-18 6.975E-17 8.755E-16
1.318E+00 1.826E-16 1.757E-16 4.415E-15 9.488E-18 6.919E-17 8.643E-16
1.330E+00 1.585E-16 1.677E-16 4.375E-15 9.413E-18 6.864E-17 8.533E-16
1.343E+00 1.379E-16 1.606E-16 4.334E-15 9.338E-18 6.810E-17 8.425E-16
1.355E+00 1.206E-16 1.543E-16 4.293E-15 9.265E-18 6.756E-17 8.320E-16
1.368E+00 1.062E-16 1.488E-16 4.252E-15 9.192E-18 6.702E-17 8.216E-16
1.380E+00 9.415E-17 1.440E-16 4.211E-15 9.119E-18 6.649E-17 8.114E-16
1.393E+00 8.411E-17 1.397E-16 4.171E-15 9.048E-18 6.597E-17 8.014E-16
1.406E+00 7.565E-17 1.358E-16 4.132E-15 8.976E-18 6.545E-17 7.916E-16
1.419E+00 6.847E-17 1.322E-16 4.094E-15 8.906E-18 6.493E-17 7.820E-16
1.432E+00 6.234E-17 1.290E-16 4.055E-15 8.836E-18 6.442E-17 7.725E-16
1.445E+00 5.705E-17 1.260E-16 4.017E-15 8.766E-18 6.391E-17 7.632E-16
1.459E+00 5.246E-17 1.232E-16 3.979E-15 8.698E-18 6.340E-17 7.541E-16
1.472E+00 4.844E-17 1.207E-16 3.941E-15 8.630E-18 6.291E-17 7.452E-16
1.486E+00 4.490E-17 1.182E-16 3.903E-15 8.562E-18 6.241E-17 7.364E-16
1.500E+00 4.175E-17 1.159E-16 3.865E-15 8.496E-18 6.192E-17 7.278E-16
1.514E+00 3.894E-17 1.137E-16 3.828E-15 8.429E-18 6.144E-17 7.194E-16
1.528E+00 3.642E-17 1.116E-16 3.791E-15 8.364E-18 6.096E-17 7.110E-16
1.542E+00 3.413E-17 1.096E-16 3.755E-15 8.298E-18 6.048E-17 7.028E-16
1.556E+00 3.206E-17 1.076E-16 3.719E-15 8.233E-18 6.000E-17 6.947E-16
1.570E+00 3.017E-17 1.058E-16 3.683E-15 8.168E-18 5.953E-17 6.867E-16
1.585E+00 2.843E-17 1.040E-16 3.647E-15 8.104E-18 5.906E-17 6.789E-16
1.600E+00 2.682E-17 1.022E-16 3.611E-15 8.041E-18 5.859E-17 6.711E-16
1.614E+00 2.534E-17 1.005E-16 3.575E-15 7.977E-18 5.813E-17 6.635E-16
1.629E+00 2.395E-17 9.882E-17 3.539E-15 7.915E-18 5.768E-17 6.560E-16
1.644E+00 2.265E-17 9.719E-17 3.504E-15 7.853E-18 5.722E-17 6.487E-16
1.660E+00 2.143E-17 9.558E-17 3.469E-15 7.791E-18 5.677E-17 6.414E-16
1.675E+00 2.026E-17 9.401E-17 3.434E-15 7.731E-18 5.633E-17 6.342E-16
1.690E+00 1.915E-17 9.246E-17 3.399E-15 7.671E-18 5.589E-17 6.272E-16
1.706E+00 1.807E-17 9.094E-17 3.365E-15 7.611E-18 5.546E-17 6.204E-16
1.722E+00 1.702E-17 8.944E-17 3.331E-15 7.553E-18 5.503E-17 6.136E-16
1.738E+00 1.597E-17 8.796E-17 3.297E-15 7.495E-18 5.461E-17 6.070E-16
1.754E+00 1.492E-17 8.649E-17 3.262E-15 7.439E-18 5.419E-17 6.005E-16
1.770E+00 1.383E-17 8.503E-17 3.229E-15 7.383E-18 5.378E-17 5.942E-16
1.786E+00 1.269E-17 8.358E-17 3.195E-15 7.328E-18 5.339E-17 5.880E-16
1.803E+00 1.145E-17 8.212E-17 3.162E-15 7.275E-18 5.300E-17 5.819E-16
1.820E+00 1.010E-17 8.064E-17 3.129E-15 7.222E-18 5.261E-17 5.760E-16
1.837E+00 8.600E-18 7.915E-17 3.096E-15 7.170E-18 5.223E-17 5.702E-16
1.854E+00 6.992E-18 7.765E-17 3.063E-15 7.119E-18 5.186E-17 5.644E-16
1.871E+00 5.394E-18 7.616E-17 3.031E-15 7.069E-18 5.149E-17 5.588E-16
1.888E+00 4.058E-18 7.476E-17 2.999E-15 7.019E-18 5.112E-17 5.533E-16
1.905E+00 3.283E-18 7.352E-17 2.966E-15 6.969E-18 5.076E-17 5.479E-16
1.923E+00 3.206E-18 7.247E-17 2.934E-15 6.920E-18 5.041E-17 5.425E-16
1.941E+00 3.675E-18 7.158E-17 2.903E-15 6.872E-18 5.005E-17 5.372E-16
1.959E+00 4.383E-18 7.077E-17 2.871E-15 6.823E-18 4.970E-17 5.320E-16
1.977E+00 5.082E-18 6.997E-17 2.840E-15 6.776E-18 4.935E-17 5.269E-16
1.995E+00 5.653E-18 6.915E-17 2.809E-15 6.729E-18 4.901E-17 5.219E-16
2.014E+00 6.068E-18 6.831E-17 2.778E-15 6.682E-18 4.866E-17 5.169E-16
2.032E+00 6.344E-18 6.744E-17 2.747E-15 6.635E-18 4.833E-17 5.120E-16
2.051E+00 6.509E-18 6.656E-17 2.717E-15 6.590E-18 4.799E-17 5.072E-16
2.070E+00 6.588E-18 6.568E-17 2.687E-15 6.544E-18 4.766E-17 5.024E-16
2.089E+00 6.605E-18 6.478E-17 2.656E-15 6.499E-18 4.733E-17 4.977E-16
2.109E+00 6.576E-18 6.389E-17 2.626E-15 6.454E-18 4.700E-17 4.931E-16
2.128E+00 6.514E-18 6.300E-17 2.596E-15 6.410E-18 4.668E-17 4.886E-16
2.148E+00 6.429E-18 6.211E-17 2.567E-15 6.367E-18 4.637E-17 4.841E-16
2.168E+00 6.328E-18 6.122E-17 2.537E-15 6.325E-18 4.606E-17 4.798E-16
2.188E+00 6.215E-18 6.034E-17 2.508E-15 6.283E-18 4.575E-17 4.756E-16
2.208E+00 6.096E-18 5.948E-17 2.479E-15 6.242E-18 4.545E-17 4.714E-16
2.228E+00 5.972E-18 5.862E-17 2.450E-15 6.200E-18 4.515E-17 4.672E-16
2.249E+00 5.846E-18 5.778E-17 2.421E-15 6.159E-18 4.484E-17 4.630E-16
2.270E+00 5.720E-18 5.695E-17 2.392E-15 6.118E-18 4.455E-17 4.590E-16
2.291E+00 5.594E-18 5.613E-17 2.364E-15 6.077E-18 4.425E-17 4.550E-16
2.312E+00 5.469E-18 5.532E-17 2.336E-15 6.037E-18 4.396E-17 4.510E-16
2.333E+00 5.346E-18 5.453E-17 2.308E-15 5.998E-18 4.367E-17 4.471E-16
2.355E+00 5.227E-18 5.375E-17 2.280E-15 5.958E-18 4.338E-17 4.433E-16
2.377E+00 5.110E-18 5.299E-17 2.253E-15 5.920E-18 4.310E-17 4.395E-16
2.399E+00 4.996E-18 5.224E-17 2.225E-15 5.881E-18 4.282E-17 4.358E-16
2.421E+00 4.885E-18 5.150E-17 2.198E-15 5.843E-18 4.254E-17 4.322E-16
2.443E+00 4.778E-18 5.078E-17 2.171E-15 5.806E-18 4.227E-17 4.286E-16
2.466E+00 4.674E-18 5.007E-17 2.145E-15 5.769E-18 4.200E-17 4.250E-16
2.489E+00 4.574E-18 4.937E-17 2.118E-15 5.732E-18 4.173E-17 4.215E-16
2.512E+00 4.476E-18 4.866E-17 2.091E-15 5.696E-18 4.147E-17 4.181E-16
2.535E+00 4.382E-18 4.797E-17 2.065E-15 5.660E-18 4.120E-17 4.147E-16
2.559E+00 4.291E-18 4.729E-17 2.039E-15 5.624E-18 4.095E-17 4.114E-16
2.582E+00 4.203E-18 4.661E-17 2.013E-15 5.589E-18 4.069E-17 4.081E-16
2.606E+00 4.118E-18 4.594E-17 1.987E-15 5.555E-18 4.044E-17 4.049E-16
2.630E+00 4.037E-18 4.528E-17 1.961E-15 5.521E-18 4.019E-17 4.017E-16
2.655E+00 3.958E-18 4.463E-17 1.936E-15 5.488E-18 3.995E-17 3.986E-16
2.679E+00 3.882E-18 4.399E-17 1.910E-15 5.455E-18 3.971E-17 3.956E-16
2.704E+00 3.809E-18 4.335E-17 1.885E-15 5.422E-18 3.947E-17 3.926E-16
2.729E+00 3.740E-18 4.273E-17 1.861E-15 5.390E-18 3.924E-17 3.897E-16
2.754E+00 3.672E-18 4.211E-17 1.836E-15 5.359E-18 3.901E-17 3.867E-16
2.780E+00 3.608E-18 4.150E-17 1.811E-15 5.327E-18 3.878E-17 3.839E-16
2.805E+00 3.547E-18 4.090E-17 1.787E-15 5.296E-18 3.855E-17 3.810E-16
2.831E+00 3.488E-18 4.031E-17 1.763E-15 5.265E-18 3.832E-17 3.783E-16
2.858E+00 3.433E-18 3.973E-17 1.739E-15 5.234E-18 3.810E-17 3.755E-16
2.884E+00 3.380E-18 3.916E-17 1.716E-15 5.204E-18 3.788E-17 3.728E-16
2.911E+00 3.331E-18 3.859E-17 1.692E-15 5.175E-18 3.767E-17 3.701E-16
2.938E+00 3.285E-18 3.803E-17 1.669E-15 5.145E-18 3.745E-17 3.675E-16
2.965E+00 3.243E-18 3.749E-17 1.646E-15 5.116E-18 3.724E-17 3.649E-16
2.992E+00 3.206E-18 3.695E-17 1.623E-15 5.087E-18 3.703E-17 3.624E-16
3.020E+00 3.174E-18 3.642E-17 1.601E-15 5.059E-18 3.682E-17 3.599E-16
3.048E+00 3.150E-18 3.590E-17 1.579E-15 5.031E-18 3.662E-17 3.574E-16
3.076E+00 3.137E-18 3.539E-17 1.556E-15 5.003E-18 3.641E-17 3.550E-16
3.105E+00 3.141E-18 3.489E-17 1.535E-15 4.976E-18 3.622E-17 3.526E-16
3.133E+00 3.172E-18 3.440E-17 1.513E-15 4.952E-18 3.604E-17 3.504E-16
3.162E+00 3.254E-18 3.394E-17 1.491E-15 4.928E-18 3.587E-17 3.483E-16
3.192E+00 3.446E-18 3.351E-17 1.470E-15 4.905E-18 3.570E-17 3.463E-16
3.221E+00 3.927E-18 3.315E-17 1.449E-15 4.882E-18 3.554E-17 3.443E-16
3.251E+00 5.445E-18 3.302E-17 1.428E-15 4.860E-18 3.538E-17 3.423E-16
3.281E+00 1.277E-17 3.417E-17 1.407E-15 4.837E-18 3.520E-17 3.403E-16
3.311E+00 1.733E-17 3.471E-17 1.387E-15 4.812E-18 3.502E-17 3.382E-16
3.342E+00 6.248E-18 3.184E-17 1.366E-15 4.787E-18 3.484E-17 3.360E-16
3.373E+00 4.014E-18 3.090E-17 1.346E-15 4.762E-18 3.466E-17 3.339E-16
3.404E+00 3.326E-18 3.032E-17 1.326E-15 4.736E-18 3.447E-17 3.317E-16
3.436E+00 3.025E-18 2.982E-17 1.307E-15 4.710E-18 3.428E-17 3.295E-16
3.467E+00 2.862E-18 2.936E-17 1.287E-15 4.684E-18 3.409E-17 3.273E-16
3.499E+00 2.760E-18 2.892E-17 1.268E-15 4.657E-18 3.390E-17 3.252E-16
3.532E+00 2.690E-18 2.850E-17 1.249E-15 4.631E-18 3.370E-17 3.230E-16
3.565E+00 2.638E-18 2.808E-17 1.230E-15 4.605E-18 3.351E-17 3.209E-16
3.597E+00 2.598E-18 2.768E-17 1.212E-15 4.579E-18 3.332E-17 3.187E-16
3.631E+00 2.565E-18 2.728E-17 1.194E-15 4.553E-18 3.313E-17 3.166E-16
3.664E+00 2.539E-18 2.689E-17 1.176E-15 4.527E-18 3.295E-17 3.145E-16
3.698E+00 2.517E-18 2.650E-17 1.158E-15 4.501E-18 3.276E-17 3.124E-16
3.733E+00 2.499E-18 2.613E-17 1.140E-15 4.476E-18 3.257E-17 3.104E-16
3.767E+00 2.484E-18 2.576E-17 1.123E-15 4.451E-18 3.239E-17 3.084E-16
3.802E+00 2.472E-18 2.539E-17 1.105E-15 4.426E-18 3.221E-17 3.064E-16
3.837E+00 2.462E-18 2.504E-17 1.088E-15 4.401E-18 3.203E-17 3.044E-16
3.873E+00 2.455E-18 2.469E-17 1.072E-15 4.376E-18 3.185E-17 3.024E-16
3.908E+00 2.450E-18 2.434E-17 1.055E-15 4.353E-18 3.168E-17 3.006E-16
3.945E+00 2.448E-18 2.400E-17 1.038E-15 4.329E-18 3.151E-17 2.987E-16
3.981E+00 2.448E-18 2.367E-17 1.022E-15 4.306E-18 3.134E-17 2.968E-16
4.018E+00 2.451E-18 2.334E-17 1.006E-15 4.282E-18 3.117E-17 2.950E-16
4.055E+00 2.456E-18 2.301E-17 9.904E-16 4.259E-18 3.099E-17 2.931E-16
4.093E+00 2.463E-18 2.269E-17 9.748E-16 4.236E-18 3.082E-17 2.913E-16
4.130E+00 2.473E-18 2.238E-17 9.593E-16 4.212E-18 3.065E-17 2.894E-16
4.169E+00 2.486E-18 2.207E-17 9.441E-16 4.186E-18 3.047E-17 2.875E-16
4.207E+00 2.502E-18 2.176E-17 9.291E-16 4.161E-18 3.028E-17 2.855E-16
4.246E+00 2.521E-18 2.146E-17 9.143E-16 4.136E-18 3.010E-17 2.836E-16
4.285E+00 2.543E-18 2.116E-17 8.997E-16 4.111E-18 2.992E-17 2.817E-16
4.325E+00 2.569E-18 2.087E-17 8.853E-16 4.087E-18 2.974E-17 2.798E-16
4.365E+00 2.599E-18 2.058E-17 8.711E-16 4.062E-18 2.956E-17 2.780E-16
4.406E+00 2.633E-18 2.030E-17 8.571E-16 4.038E-18 2.939E-17 2.761E-16
4.446E+00 2.672E-18 2.002E-17 8.433E-16 4.015E-18 2.922E-17 2.744E-16
4.487E+00 2.717E-18 1.975E-17 8.297E-16 3.993E-18 2.906E-17 2.727E-16
4.529E+00 2.767E-18 1.949E-17 8.163E-16 3.972E-18 2.890E-17 2.710E-16
4.571E+00 2.825E-18 1.923E-17 8.031E-16 3.951E-18 2.875E-17 2.695E-16
4.613E+00 2.891E-18 1.897E-17 7.901E-16 3.931E-18 2.861E-17 2.679E-16
4.656E+00 2.966E-18 1.873E-17 7.772E-16 3.912E-18 2.847E-17 2.664E-16
4.699E+00 3.053E-18 1.849E-17 7.646E-16 3.893E-18 2.833E-17 2.650E-16
4.742E+00 3.154E-18 1.826E-17 7.521E-16 3.874E-18 2.819E-17 2.636E-16
4.786E+00 3.272E-18 1.804E-17 7.399E-16 3.857E-18 2.807E-17 2.622E-16
4.831E+00 3.413E-18 1.783E-17 7.277E-16 3.841E-18 2.795E-17 2.610E-16
4.875E+00 3.583E-18 1.763E-17 7.158E-16 3.827E-18 2.785E-17 2.599E-16
4.920E+00 3.795E-18 1.744E-17 7.041E-16 3.812E-18 2.774E-17 2.588E-16
4.966E+00 4.068E-18 1.728E-17 6.925E-16 3.799E-18 2.764E-17 2.577E-16
5.012E+00 4.435E-18 1.714E-17 6.811E-16 3.786E-18 2.755E-17 2.567E-16
5.058E+00 4.963E-18 1.704E-17 6.698E-16 3.774E-18 2.747E-17 2.558E-16
5.105E+00 5.781E-18 1.702E-17 6.587E-16 3.764E-18 2.739E-17 2.549E-16
5.152E+00 7.164E-18 1.714E-17 6.477E-16 3.755E-18 2.732E-17 2.542E-16
5.200E+00 9.566E-18 1.752E-17 6.370E-16 3.747E-18 2.727E-17 2.535E-16
5.248E+00 1.260E-17 1.807E-17 6.264E-16 3.741E-18 2.722E-17 2.530E-16
5.297E+00 1.277E-17 1.789E-17 6.160E-16 3.737E-18 2.719E-17 2.526E-16
5.346E+00 1.045E-17 1.708E-17 6.057E-16 3.734E-18 2.717E-17 2.522E-16
5.395E+00 9.024E-18 1.650E-17 5.956E-16 3.732E-18 2.715E-17 2.520E-16
5.445E+00 8.762E-18 1.622E-17 5.857E-16 3.731E-18 2.715E-17 2.518E-16
5.495E+00 9.391E-18 1.617E-17 5.759E-16 3.731E-18 2.715E-17 2.517E-16
5.546E+00 1.099E-17 1.637E-17 5.663E-16 3.734E-18 2.717E-17 2.517E-16
5.598E+00 1.405E-17 1.695E-17 5.569E-16 3.737E-18 2.719E-17 2.519E-16
5.649E+00 1.902E-17 1.802E-17 5.476E-16 3.742E-18 2.723E-17 2.521E-16
5.702E+00 2.274E-17 1.877E-17 5.385E-16 3.750E-18 2.729E-17 2.525E-16
5.754E+00 2.064E-17 1.804E-17 5.295E-16 3.759E-18 2.735E-17 2.530E-16
5.808E+00 1.785E-17 1.714E-17 5.206E-16 3.769E-18 2.742E-17 2.535E-16
5.861E+00 1.744E-17 1.684E-17 5.119E-16 3.780E-18 2.750E-17 2.542E-16
5.916E+00 1.929E-17 1.713E-17 5.033E-16 3.792E-18 2.759E-17 2.549E-16
5.970E+00 2.369E-17 1.807E-17 4.949E-16 3.806E-18 2.769E-17 2.557E-16
6.026E+00 3.219E-17 2.007E-17 4.866E-16 3.821E-18 2.780E-17 2.566E-16
6.081E+00 4.892E-17 2.416E-17 4.785E-16 3.836E-18 2.791E-17 2.575E-16
6.138E+00 8.272E-17 3.262E-17 4.705E-16 3.851E-18 2.802E-17 2.585E-16
6.194E+00 1.325E-16 4.517E-17 4.627E-16 3.868E-18 2.814E-17 2.595E-16
6.252E+00 1.291E-16 4.415E-17 4.547E-16 3.879E-18 2.823E-17 2.601E-16
6.310E+00 8.108E-17 3.153E-17 4.473E-16 3.889E-18 2.830E-17 2.607E-16
6.368E+00 5.173E-17 2.401E-17 4.399E-16 3.898E-18 2.836E-17 2.612E-16
6.427E+00 3.861E-17 2.051E-17 4.324E-16 3.904E-18 2.840E-17 2.615E-16
6.486E+00 3.344E-17 1.904E-17 4.250E-16 3.908E-18 2.843E-17 2.617E-16
6.546E+00 3.233E-17 1.860E-17 4.179E-16 3.910E-18 2.845E-17 2.617E-16
6.607E+00 3.321E-17 1.867E-17 4.108E-16 3.912E-18 2.846E-17 2.617E-16
6.668E+00 3.436E-17 1.882E-17 4.039E-16 3.912E-18 2.847E-17 2.617E-16
6.730E+00 3.447E-17 1.869E-17 3.971E-16 3.911E-18 2.845E-17 2.615E-16
6.792E+00 3.359E-17 1.832E-17 3.904E-16 3.908E-18 2.844E-17 2.612E-16
6.855E+00 3.276E-17 1.796E-17 3.838E-16 3.908E-18 2.844E-17 2.611E-16
6.918E+00 3.284E-17 1.784E-17 3.773E-16 3.910E-18 2.845E-17 2.611E-16
6.982E+00 3.414E-17 1.803E-17 3.709E-16 3.917E-18 2.850E-17 2.615E-16
7.047E+00 3.675E-17 1.856E-17 3.647E-16 3.937E-18 2.864E-17 2.627E-16
7.112E+00 4.068E-17 1.942E-17 3.586E-16 3.961E-18 2.882E-17 2.642E-16
7.178E+00 4.600E-17 2.065E-17 3.525E-16 4.012E-18 2.919E-17 2.675E-16
7.244E+00 5.291E-17 2.228E-17 3.466E-16 4.109E-18 2.990E-17 2.739E-16
7.311E+00 6.192E-17 2.445E-17 3.408E-16 4.242E-18 3.086E-17 2.826E-16
7.379E+00 7.423E-17 2.746E-17 3.351E-16 4.432E-18 3.224E-17 2.951E-16
7.447E+00 9.194E-17 3.186E-17 3.294E-16 4.726E-18 3.438E-17 3.146E-16
7.516E+00 1.158E-16 3.784E-17 3.239E-16 5.122E-18 3.727E-17 3.408E-16
7.586E+00 1.363E-16 4.294E-17 3.185E-16 5.674E-18 4.128E-17 3.773E-16
7.656E+00 1.381E-16 4.328E-17 3.132E-16 6.401E-18 4.658E-17 4.255E-16
7.727E+00 1.319E-16 4.157E-17 3.079E-16 7.302E-18 5.313E-17 4.851E-16
7.798E+00 1.292E-16 4.075E-17 3.027E-16 8.403E-18 6.114E-17 5.580E-16
7.870E+00 1.206E-16 3.842E-17 2.975E-16 9.728E-18 7.078E-17 6.456E-16
7.943E+00 1.003E-16 3.310E-17 2.925E-16 1.127E-17 8.197E-17 7.474E-16
8.017E+00 7.786E-17 2.723E-17 2.875E-16 1.302E-17 9.476E-17 8.637E-16
8.091E+00 6.085E-17 2.272E-17 2.826E-16 1.502E-17 1.093E-16 9.957E-16
8.166E+00 5.002E-17 1.977E-17 2.778E-16 1.720E-17 1.252E-16 1.140E-15
8.241E+00 4.399E-17 1.802E-17 2.732E-16 1.956E-17 1.423E-16 1.296E-15
8.318E+00 4.110E-17 1.706E-17 2.686E-16 2.178E-17 1.585E-16 1.443E-15
8.395E+00 4.044E-17 1.664E-17 2.641E-16 2.379E-17 1.731E-16 1.576E-15
8.472E+00 4.317E-17 1.702E-17 2.597E-16 2.557E-17 1.861E-16 1.694E-15
8.551E+00 4.921E-17 1.815E-17 2.553E-16 2.729E-17 1.985E-16 1.807E-15
8.630E+00 4.957E-17 1.806E-17 2.511E-16 2.909E-17 2.116E-16 1.926E-15
8.710E+00 3.911E-17 1.561E-17 2.469E-16 3.113E-17 2.265E-16 2.061E-15
8.790E+00 2.822E-17 1.308E-17 2.428E-16 3.348E-17 2.436E-16 2.216E-15
8.872E+00 2.108E-17 1.138E-17 2.387E-16 3.612E-17 2.628E-16 2.391E-15
8.954E+00 1.665E-17 1.028E-17 2.348E-16 3.898E-17 2.836E-16 2.581E-15
9.036E+00 1.376E-17 9.536E-18 2.309E-16 4.194E-17 3.051E-16 2.777E-15
9.120E+00 1.177E-17 8.989E-18 2.271E-16 4.476E-17 3.257E-16 2.965E-15
9.204E+00 1.032E-17 8.567E-18 2.234E-16 4.721E-17 3.435E-16 3.128E-15
9.290E+00 9.230E-18 8.227E-18 2.197E-16 4.911E-17 3.573E-16 3.256E-15
9.376E+00 8.374E-18 7.945E-18 2.162E-16 5.029E-17 3.659E-16 3.336E-15
9.462E+00 7.689E-18 7.702E-18 2.126E-16 5.074E-17 3.692E-16 3.368E-15
9.550E+00 7.132E-18 7.491E-18 2.092E-16 5.054E-17 3.677E-16 3.356E-15
9.638E+00 6.673E-18 7.305E-18 2.058E-16 4.983E-17 3.625E-16 3.311E-15
9.727E+00 6.292E-18 7.139E-18 2.025E-16 4.877E-17 3.548E-16 3.242E-15
9.817E+00 5.976E-18 6.990E-18 1.992E-16 4.768E-17 3.469E-16 3.171E-15
9.908E+00 5.713E-18 6.856E-18 1.960E-16 4.663E-17 3.392E-16 3.102E-15
1.000E+01 5.499E-18 6.735E-18 1.929E-16 4.564E-17 3.321E-16 3.037E-15
1.009E+01 5.328E-18 6.625E-18 1.898E-16 4.476E-17 3.257E-16 2.980E-15
1.019E+01 5.199E-18 6.528E-18 1.868E-16 4.388E-17 3.193E-16 2.921E-15
1.028E+01 5.113E-18 6.441E-18 1.838E-16 4.287E-17 3.119E-16 2.855E-15
1.038E+01 5.076E-18 6.367E-18 1.810E-16 4.159E-17 3.026E-16 2.771E-15
1.047E+01 5.101E-18 6.308E-18 1.781E-16 4.000E-17 2.910E-16 2.665E-15
1.057E+01 5.219E-18 6.272E-18 1.753E-16 3.819E-17 2.779E-16 2.545E-15
1.067E+01 5.470E-18 6.267E-18 1.726E-16 3.635E-17 2.645E-16 2.423E-15
1.076E+01 5.774E-18 6.276E-18 1.700E-16 3.466E-17 2.522E-16 2.311E-15
1.086E+01 6.371E-18 6.351E-18 1.674E-16 3.313E-17 2.410E-16 2.209E-15
1.096E+01 7.603E-18 6.568E-18 1.649E-16 3.178E-17 2.312E-16 2.119E-15
1.107E+01 1.039E-17 7.129E-18 1.624E-16 3.051E-17 2.220E-16 2.035E-15
1.117E+01 1.894E-17 8.962E-18 1.601E-16 2.923E-17 2.126E-16 1.949E-15
1.127E+01 2.615E-17 1.051E-17 1.579E-16 2.799E-17 2.036E-16 1.866E-15
1.138E+01 1.967E-17 9.074E-18 1.562E-16 2.684E-17 1.953E-16 1.790E-15
1.148E+01 1.380E-17 8.215E-18 1.620E-16 2.576E-17 1.874E-16 1.718E-15
1.159E+01 1.028E-17 6.858E-18 1.508E-16 2.478E-17 1.803E-16 1.652E-15
1.169E+01 8.989E-18 6.492E-18 1.478E-16 2.381E-17 1.733E-16 1.588E-15
1.180E+01 9.020E-18 6.460E-18 1.457E-16 2.278E-17 1.658E-16 1.519E-15
1.191E+01 9.686E-18 6.570E-18 1.437E-16 2.175E-17 1.583E-16 1.450E-15
1.202E+01 9.879E-18 6.576E-18 1.417E-16 2.075E-17 1.510E-16 1.384E-15
1.213E+01 9.227E-18 6.397E-18 1.397E-16 1.978E-17 1.439E-16 1.319E-15
1.225E+01 8.767E-18 6.263E-18 1.378E-16 1.892E-17 1.376E-16 1.261E-15
1.236E+01 9.190E-18 6.324E-18 1.359E-16 1.813E-17 1.319E-16 1.208E-15
1.247E+01 1.057E-17 6.591E-18 1.340E-16 1.734E-17 1.262E-16 1.156E-15
1.259E+01 1.187E-17 6.842E-18 1.322E-16 1.657E-17 1.205E-16 1.104E-15
1.271E+01 1.108E-17 6.637E-18 1.304E-16 1.581E-17 1.150E-16 1.053E-15
1.282E+01 8.987E-18 6.147E-18 1.287E-16 1.507E-17 1.097E-16 1.004E-15
1.294E+01 7.347E-18 5.757E-18 1.270E-16 1.439E-17 1.047E-16 9.585E-16
1.306E+01 6.439E-18 5.529E-18 1.254E-16 1.379E-17 1.003E-16 9.181E-16
1.318E+01 6.101E-18 5.427E-18 1.238E-16 1.322E-17 9.622E-17 8.805E-16
1.330E+01 6.214E-18 5.427E-18 1.223E-16 1.267E-17 9.217E-17 8.433E-16
1.343E+01 6.494E-18 5.465E-18 1.208E-16 1.215E-17 8.839E-17 8.086E-16
1.355E+01 6.243E-18 5.388E-18 1.194E-16 1.166E-17 8.483E-17 7.758E-16
1.368E+01 5.528E-18 5.211E-18 1.180E-16 1.123E-17 8.172E-17 7.472E-16
1.380E+01 4.956E-18 5.068E-18 1.167E-16 1.088E-17 7.916E-17 7.236E-16
1.393E+01 4.663E-18 4.990E-18 1.154E-16 1.064E-17 7.742E-17 7.076E-16
1.406E+01 4.645E-18 4.979E-18 1.141E-16 1.050E-17 7.639E-17 6.980E-16
1.419E+01 4.722E-18 4.990E-18 1.130E-16 1.047E-17 7.617E-17 6.958E-16
1.432E+01 4.362E-18 4.890E-18 1.118E-16 1.053E-17 7.660E-17 6.996E-16
1.445E+01 4.047E-18 4.801E-18 1.107E-16 1.067E-17 7.763E-17 7.089E-16
1.459E+01 3.881E-18 4.752E-18 1.096E-16 1.087E-17 7.910E-17 7.221E-16
1.472E+01 3.783E-18 4.721E-18 1.086E-16 1.113E-17 8.098E-17 7.392E-16
1.486E+01 3.717E-18 4.701E-18 1.076E-16 1.140E-17 8.296E-17 7.572E-16
1.500E+01 3.670E-18 4.686E-18 1.067E-16 1.168E-17 8.501E-17 7.757E-16
1.514E+01 3.634E-18 4.677E-18 1.058E-16 1.197E-17 8.710E-17 7.947E-16
1.528E+01 3.609E-18 4.672E-18 1.050E-16 1.229E-17 8.939E-17 8.155E-16
1.542E+01 3.594E-18 4.672E-18 1.042E-16 1.262E-17 9.180E-17 8.374E-16
1.556E+01 3.593E-18 4.677E-18 1.035E-16 1.296E-17 9.430E-17 8.601E-16
1.570E+01 3.617E-18 4.691E-18 1.028E-16 1.332E-17 9.689E-17 8.836E-16
1.585E+01 3.688E-18 4.718E-18 1.022E-16 1.368E-17 9.954E-17 9.078E-16
1.600E+01 3.737E-18 4.742E-18 1.016E-16 1.405E-17 1.023E-16 9.324E-16
1.614E+01 3.851E-18 4.784E-18 1.010E-16 1.443E-17 1.050E-16 9.574E-16
1.629E+01 4.290E-18 4.911E-18 1.005E-16 1.481E-17 1.078E-16 9.825E-16
1.644E+01 5.439E-18 5.222E-18 1.001E-16 1.519E-17 1.105E-16 1.008E-15
1.660E+01 4.639E-18 5.037E-18 9.970E-17 1.556E-17 1.132E-16 1.032E-15
1.675E+01 4.486E-18 5.019E-18 9.935E-17 1.592E-17 1.158E-16 1.056E-15
1.690E+01 4.598E-18 5.071E-18 9.906E-17 1.625E-17 1.182E-16 1.078E-15
1.706E+01 4.623E-18 5.104E-18 9.883E-17 1.656E-17 1.204E-16 1.098E-15
1.722E+01 4.505E-18 5.102E-18 9.865E-17 1.684E-17 1.225E-16 1.117E-15
1.738E+01 4.480E-18 5.127E-18 9.852E-17 1.711E-17 1.245E-16 1.135E-15
1.754E+01 3.862E-18 5.003E-18 9.845E-17 1.734E-17 1.262E-16 1.150E-15
1.770E+01 3.563E-18 4.963E-18 9.844E-17 1.754E-17 1.276E-16 1.163E-15
1.786E+01 3.452E-18 4.976E-18 9.852E-17 1.767E-17 1.286E-16 1.172E-15
1.803E+01 3.170E-18 4.947E-18 9.865E-17 1.777E-17 1.293E-16 1.178E-15
1.820E+01 2.982E-18 4.946E-18 9.885E-17 1.781E-17 1.296E-16 1.181E-15
1.837E+01 2.863E-18 4.965E-18 9.910E-17 1.782E-17 1.296E-16 1.182E-15
1.854E+01 2.784E-18 4.996E-18 9.941E-17 1.777E-17 1.293E-16 1.179E-15
1.871E+01 2.761E-18 5.044E-18 9.977E-17 1.768E-17 1.286E-16 1.173E-15
1.888E+01 2.829E-18 5.120E-18 1.002E-16 1.753E-17 1.276E-16 1.163E-15
1.905E+01 2.676E-18 5.142E-18 1.007E-16 1.734E-17 1.261E-16 1.150E-15
1.923E+01 2.506E-18 5.163E-18 1.013E-16 1.710E-17 1.244E-16 1.134E-15
1.941E+01 2.409E-18 5.207E-18 1.019E-16 1.683E-17 1.224E-16 1.116E-15
1.959E+01 2.337E-18 5.259E-18 1.026E-16 1.652E-17 1.202E-16 1.096E-15
1.977E+01 2.275E-18 5.317E-18 1.034E-16 1.619E-17 1.178E-16 1.074E-15
1.995E+01 2.219E-18 5.381E-18 1.043E-16 1.583E-17 1.152E-16 1.050E-15
2.014E+01 2.165E-18 5.449E-18 1.053E-16 1.547E-17 1.125E-16 1.026E-15
2.032E+01 2.114E-18 5.521E-18 1.064E-16 1.509E-17 1.098E-16 1.001E-15
2.051E+01 2.066E-18 5.600E-18 1.075E-16 1.479E-17 1.076E-16 9.811E-16
2.070E+01 2.018E-18 5.683E-18 1.088E-16 1.451E-17 1.055E-16 9.621E-16
2.089E+01 1.973E-18 5.770E-18 1.101E-16 1.421E-17 1.034E-16 9.427E-16
2.109E+01 1.929E-18 5.863E-18 1.116E-16 1.392E-17 1.013E-16 9.231E-16
2.128E+01 1.886E-18 5.962E-18 1.132E-16 1.362E-17 9.912E-17 9.036E-16
2.148E+01 1.844E-18 6.066E-18 1.148E-16 1.335E-17 9.713E-17 8.854E-16
2.168E+01 1.804E-18 6.176E-18 1.166E-16 1.309E-17 9.527E-17 8.684E-16
2.188E+01 1.765E-18 6.291E-18 1.185E-16 1.285E-17 9.347E-17 8.520E-16
2.208E+01 1.726E-18 6.411E-18 1.205E-16 1.260E-17 9.164E-17 8.353E-16
2.228E+01 1.689E-18 6.538E-18 1.226E-16 1.232E-17 8.964E-17 8.171E-16
2.249E+01 1.653E-18 6.670E-18 1.248E-16 1.204E-17 8.761E-17 7.986E-16
2.270E+01 1.618E-18 6.809E-18 1.272E-16 1.178E-17 8.571E-17 7.812E-16
2.291E+01 1.584E-18 6.953E-18 1.297E-16 1.154E-17 8.395E-17 7.652E-16
2.312E+01 1.550E-18 7.103E-18 1.323E-16 1.132E-17 8.237E-17 7.508E-16
2.333E+01 1.518E-18 7.259E-18 1.350E-16 1.111E-17 8.085E-17 7.369E-16
2.355E+01 1.487E-18 7.421E-18 1.378E-16 1.090E-17 7.928E-17 7.225E-16
2.377E+01 1.456E-18 7.589E-18 1.408E-16 1.068E-17 7.768E-17 7.080E-16
2.399E+01 1.426E-18 7.762E-18 1.439E-16 1.047E-17 7.616E-17 6.941E-16
2.421E+01 1.397E-18 7.941E-18 1.471E-16 1.027E-17 7.472E-17 6.809E-16
2.443E+01 1.369E-18 8.124E-18 1.505E-16 1.008E-17 7.332E-17 6.682E-16
2.466E+01 1.342E-18 8.313E-18 1.539E-16 9.889E-18 7.195E-17 6.557E-16
2.489E+01 1.315E-18 8.506E-18 1.575E-16 9.697E-18 7.055E-17 6.429E-16
2.512E+01 1.289E-18 8.704E-18 1.613E-16 9.501E-18 6.913E-17 6.299E-16
2.535E+01 1.264E-18 8.907E-18 1.651E-16 9.312E-18 6.775E-17 6.174E-16
2.559E+01 1.239E-18 9.113E-18 1.691E-16 9.127E-18 6.641E-17 6.051E-16
2.582E+01 1.215E-18 9.323E-18 1.732E-16 8.947E-18 6.509E-17 5.931E-16
2.606E+01 1.192E-18 9.536E-18 1.774E-16 8.770E-18 6.381E-17 5.814E-16
2.630E+01 1.169E-18 9.751E-18 1.817E-16 8.597E-18 6.255E-17 5.699E-16
2.655E+01 1.147E-18 9.968E-18 1.860E-16 8.428E-18 6.132E-17 5.587E-16
2.679E+01 1.125E-18 1.019E-17 1.904E-16 8.263E-18 6.012E-17 5.477E-16
2.704E+01 1.104E-18 1.040E-17 1.948E-16 8.101E-18 5.894E-17 5.370E-16
2.729E+01 1.084E-18 1.062E-17 1.992E-16 7.943E-18 5.779E-17 5.265E-16
2.754E+01 1.064E-18 1.083E-17 2.036E-16 7.789E-18 5.667E-17 5.163E-16
2.780E+01 1.045E-18 1.104E-17 2.080E-16 7.638E-18 5.557E-17 5.063E-16
2.805E+01 1.026E-18 1.125E-17 2.123E-16 7.490E-18 5.450E-17 4.965E-16
2.831E+01 1.007E-18 1.145E-17 2.165E-16 7.346E-18 5.345E-17 4.869E-16
2.858E+01 9.893E-19 1.164E-17 2.206E-16 7.205E-18 5.242E-17 4.775E-16
2.884E+01 9.718E-19 1.182E-17 2.245E-16 7.066E-18 5.141E-17 4.683E-16
2.911E+01 9.547E-19 1.199E-17 2.283E-16 6.931E-18 5.043E-17 4.593E-16
2.938E+01 9.380E-19 1.215E-17 2.318E-16 6.798E-18 4.946E-17 4.506E-16
2.965E+01 9.217E-19 1.230E-17 2.350E-16 6.669E-18 4.852E-17 4.419E-16
2.992E+01 9.058E-19 1.243E-17 2.379E-16 6.542E-18 4.759E-17 4.335E-16
3.020E+01 8.902E-19 1.255E-17 2.405E-16 6.415E-18 4.668E-17 4.251E-16
3.048E+01 8.750E-19 1.265E-17 2.428E-16 6.291E-18 4.577E-17 4.169E-16
3.076E+01 8.602E-19 1.273E-17 2.446E-16 6.170E-18 4.489E-17 4.089E-16
3.105E+01 8.456E-19 1.280E-17 2.460E-16 6.052E-18 4.403E-17 4.010E-16
3.133E+01 8.314E-19 1.284E-17 2.470E-16 5.936E-18 4.319E-17 3.934E-16
3.162E+01 8.175E-19 1.286E-17 2.476E-16 5.824E-18 4.237E-17 3.859E-16
3.192E+01 8.038E-19 1.287E-17 2.477E-16 5.713E-18 4.157E-17 3.786E-16
3.221E+01 7.905E-19 1.285E-17 2.473E-16 5.605E-18 4.078E-17 3.714E-16
3.251E+01 7.774E-19 1.281E-17 2.464E-16 5.500E-18 4.002E-17 3.644E-16
3.281E+01 7.645E-19 1.275E-17 2.451E-16 5.397E-18 3.927E-17 3.576E-16
3.311E+01 7.519E-19 1.267E-17 2.434E-16 5.297E-18 3.854E-17 3.509E-16
3.342E+01 7.396E-19 1.257E-17 2.412E-16 5.198E-18 3.782E-17 3.444E-16
3.373E+01 7.275E-19 1.245E-17 2.386E-16 5.104E-18 3.713E-17 3.381E-16
3.404E+01 7.156E-19 1.232E-17 2.357E-16 5.013E-18 3.647E-17 3.321E-16
3.436E+01 7.039E-19 1.217E-17 2.323E-16 4.923E-18 3.582E-17 3.261E-16
3.467E+01 6.924E-19 1.200E-17 2.287E-16 4.835E-18 3.518E-17 3.203E-16
3.499E+01 6.812E-19 1.182E-17 2.248E-16 4.749E-18 3.456E-17 3.146E-16
3.532E+01 6.701E-19 1.163E-17 2.206E-16 4.665E-18 3.394E-17 3.090E-16
3.565E+01 6.592E-19 1.142E-17 2.162E-16 4.583E-18 3.334E-17 3.036E-16
3.597E+01 6.485E-19 1.121E-17 2.116E-16 4.502E-18 3.276E-17 2.982E-16
3.631E+01 6.380E-19 1.098E-17 2.069E-16 4.423E-18 3.218E-17 2.930E-16
3.664E+01 6.277E-19 1.076E-17 2.021E-16 4.345E-18 3.161E-17 2.878E-16
3.698E+01 6.175E-19 1.052E-17 1.971E-16 4.269E-18 3.106E-17 2.828E-16
3.733E+01 6.075E-19 1.028E-17 1.921E-16 4.195E-18 3.052E-17 2.778E-16
3.767E+01 5.977E-19 1.004E-17 1.871E-16 4.121E-18 2.998E-17 2.729E-16
3.802E+01 5.880E-19 9.793E-18 1.821E-16 4.045E-18 2.943E-17 2.679E-16
3.837E+01 5.784E-19 9.548E-18 1.771E-16 3.971E-18 2.889E-17 2.630E-16
3.873E+01 5.690E-19 9.302E-18 1.721E-16 3.898E-18 2.836E-17 2.581E-16
3.908E+01 5.598E-19 9.057E-18 1.672E-16 3.825E-18 2.783E-17 2.534E-16
3.945E+01 5.507E-19 8.813E-18 1.623E-16 3.754E-18 2.732E-17 2.486E-16
3.981E+01 5.417E-19 8.572E-18 1.575E-16 3.685E-18 2.681E-17 2.440E-16
4.018E+01 5.329E-19 8.334E-18 1.528E-16 3.616E-18 2.631E-17 2.395E-16
4.055E+01 5.242E-19 8.099E-18 1.482E-16 3.548E-18 2.581E-17 2.350E-16
4.093E+01 5.157E-19 7.868E-18 1.437E-16 3.482E-18 2.533E-17 2.306E-16
4.130E+01 5.072E-19 7.641E-18 1.393E-16 3.416E-18 2.485E-17 2.262E-16
4.169E+01 4.989E-19 7.418E-18 1.351E-16 3.352E-18 2.438E-17 2.219E-16
4.207E+01 4.907E-19 7.201E-18 1.309E-16 3.288E-18 2.392E-17 2.177E-16
4.246E+01 4.827E-19 6.988E-18 1.269E-16 3.226E-18 2.347E-17 2.136E-16
4.285E+01 4.747E-19 6.781E-18 1.230E-16 3.165E-18 2.303E-17 2.096E-16
4.325E+01 4.669E-19 6.578E-18 1.192E-16 3.105E-18 2.259E-17 2.056E-16
4.365E+01 4.592E-19 6.382E-18 1.155E-16 3.046E-18 2.216E-17 2.017E-16
4.406E+01 4.516E-19 6.190E-18 1.120E-16 2.988E-18 2.174E-17 1.978E-16
4.446E+01 4.442E-19 6.004E-18 1.086E-16 2.930E-18 2.132E-17 1.940E-16
4.487E+01 4.368E-19 5.824E-18 1.053E-16 2.874E-18 2.091E-17 1.903E-16
4.529E+01 4.295E-19 5.649E-18 1.021E-16 2.819E-18 2.051E-17 1.867E-16
4.571E+01 4.224E-19 5.479E-18 9.900E-17 2.765E-18 2.012E-17 1.831E-16
4.613E+01 4.154E-19 5.315E-18 9.603E-17 2.713E-18 1.974E-17 1.796E-16
4.656E+01 4.085E-19 5.155E-18 9.316E-17 2.661E-18 1.936E-17 1.762E-16
4.699E+01 4.016E-19 5.001E-18 9.040E-17 2.610E-18 1.899E-17 1.728E-16
4.742E+01 3.949E-19 4.851E-18 8.773E-17 2.559E-18 1.862E-17 1.694E-16
4.786E+01 3.883E-19 4.707E-18 8.515E-17 2.510E-18 1.826E-17 1.662E-16
4.831E+01 3.818E-19 4.567E-18 8.267E-17 2.462E-18 1.791E-17 1.630E-16
4.875E+01 3.754E-19 4.432E-18 8.028E-17 2.414E-18 1.757E-17 1.598E-16
4.920E+01 3.691E-19 4.301E-18 7.797E-17 2.368E-18 1.723E-17 1.568E-16
4.966E+01 3.629E-19 4.174E-18 7.574E-17 2.322E-18 1.690E-17 1.537E-16
5.012E+01 3.568E-19 4.052E-18 7.358E-17 2.277E-18 1.657E-17 1.508E-16
5.058E+01 3.507E-19 3.934E-18 7.149E-17 2.233E-18 1.625E-17 1.479E-16
5.105E+01 3.448E-19 3.820E-18 6.946E-17 2.190E-18 1.594E-17 1.450E-16
5.152E+01 3.390E-19 3.709E-18 6.751E-17 2.148E-18 1.563E-17 1.422E-16
5.200E+01 3.333E-19 3.603E-18 6.561E-17 2.107E-18 1.533E-17 1.395E-16
5.248E+01 3.276E-19 3.500E-18 6.378E-17 2.066E-18 1.503E-17 1.368E-16
5.297E+01 3.221E-19 3.400E-18 6.200E-17 2.026E-18 1.474E-17 1.341E-16
5.346E+01 3.166E-19 3.304E-18 6.028E-17 1.987E-18 1.446E-17 1.315E-16
5.395E+01 3.112E-19 3.211E-18 5.862E-17 1.948E-18 1.418E-17 1.290E-16
5.445E+01 3.059E-19 3.121E-18 5.701E-17 1.910E-18 1.390E-17 1.265E-16
5.495E+01 3.007E-19 3.034E-18 5.546E-17 1.873E-18 1.363E-17 1.240E-16
5.546E+01 2.956E-19 2.949E-18 5.395E-17 1.837E-18 1.336E-17 1.216E-16
5.598E+01 2.905E-19 2.868E-18 5.249E-17 1.801E-18 1.310E-17 1.192E-16
5.649E+01 2.856E-19 2.789E-18 5.107E-17 1.766E-18 1.285E-17 1.169E-16
5.702E+01 2.807E-19 2.713E-18 4.970E-17 1.731E-18 1.259E-17 1.146E-16
5.754E+01 2.759E-19 2.639E-18 4.836E-17 1.697E-18 1.235E-17 1.123E-16
5.808E+01 2.711E-19 2.568E-18 4.707E-17 1.664E-18 1.211E-17 1.101E-16
5.861E+01 2.665E-19 2.499E-18 4.581E-17 1.632E-18 1.187E-17 1.080E-16
5.916E+01 2.619E-19 2.432E-18 4.459E-17 1.600E-18 1.164E-17 1.059E-16
5.970E+01 2.574E-19 2.367E-18 4.341E-17 1.569E-18 1.141E-17 1.038E-16
6.026E+01 2.530E-19 2.305E-18 4.227E-17 1.538E-18 1.119E-17 1.018E-16
6.081E+01 2.486E-19 2.244E-18 4.115E-17 1.508E-18 1.097E-17 9.980E-17
6.138E+01 2.443E-19 2.185E-18 4.007E-17 1.479E-18 1.076E-17 9.786E-17
6.194E+01 2.401E-19 2.128E-18 3.902E-17 1.450E-18 1.055E-17 9.595E-17
6.252E+01 2.360E-19 2.073E-18 3.800E-17 1.421E-18 1.034E-17 9.407E-17
6.310E+01 2.319E-19 2.020E-18 3.700E-17 1.393E-18 1.014E-17 9.222E-17
6.368E+01 2.279E-19 1.968E-18 3.604E-17 1.366E-18 9.939E-18 9.041E-17
6.427E+01 2.239E-19 1.918E-18 3.510E-17 1.340E-18 9.746E-18 8.865E-17
6.486E+01 2.200E-19 1.869E-18 3.418E-17 1.313E-18 9.556E-18 8.692E-17
6.546E+01 2.162E-19 1.822E-18 3.330E-17 1.288E-18 9.370E-18 8.523E-17
6.607E+01 2.125E-19 1.776E-18 3.243E-17 1.263E-18 9.187E-18 8.357E-17
6.668E+01 2.088E-19 1.732E-18 3.159E-17 1.238E-18 9.008E-18 8.193E-17
6.730E+01 2.051E-19 1.688E-18 3.078E-17 1.214E-18 8.831E-18 8.032E-17
6.792E+01 2.016E-19 1.647E-18 2.998E-17 1.190E-18 8.658E-18 7.875E-17
6.855E+01 1.981E-19 1.606E-18 2.921E-17 1.167E-18 8.488E-18 7.720E-17
6.918E+01 1.946E-19 1.566E-18 2.846E-17 1.144E-18 8.322E-18 7.569E-17
6.982E+01 1.912E-19 1.528E-18 2.772E-17 1.122E-18 8.162E-18 7.424E-17
7.047E+01 1.879E-19 1.491E-18 2.701E-17 1.100E-18 8.002E-18 7.278E-17
7.112E+01 1.846E-19 1.455E-18 2.632E-17 1.078E-18 7.845E-18 7.135E-17
7.178E+01 1.814E-19 1.420E-18 2.565E-17 1.057E-18 7.693E-18 6.997E-17
7.244E+01 1.782E-19 1.386E-18 2.499E-17 1.037E-18 7.544E-18 6.861E-17
7.311E+01 1.751E-19 1.353E-18 2.435E-17 1.017E-18 7.398E-18 6.728E-17
7.379E+01 1.720E-19 1.320E-18 2.373E-17 9.971E-19 7.255E-18 6.598E-17
7.447E+01 1.690E-19 1.289E-18 2.313E-17 9.777E-19 7.114E-18 6.470E-17
7.516E+01 1.660E-19 1.259E-18 2.254E-17 9.587E-19 6.975E-18 6.344E-17
7.586E+01 1.631E-19 1.229E-18 2.197E-17 9.400E-19 6.839E-18 6.220E-17
7.656E+01 1.602E-19 1.200E-18 2.141E-17 9.217E-19 6.706E-18 6.099E-17
7.727E+01 1.574E-19 1.172E-18 2.087E-17 9.037E-19 6.575E-18 5.980E-17
7.798E+01 1.547E-19 1.145E-18 2.034E-17 8.862E-19 6.448E-18 5.864E-17
7.870E+01 1.519E-19 1.118E-18 1.982E-17 8.690E-19 6.323E-18 5.750E-17
7.943E+01 1.492E-19 1.093E-18 1.932E-17 8.523E-19 6.201E-18 5.639E-17
8.017E+01 1.466E-19 1.068E-18 1.883E-17 8.358E-19 6.081E-18 5.530E-17
8.091E+01 1.440E-19 1.043E-18 1.835E-17 8.196E-19 5.963E-18 5.423E-17
8.166E+01 1.415E-19 1.019E-18 1.789E-17 8.037E-19 5.847E-18 5.318E-17
8.241E+01 1.390E-19 9.962E-19 1.744E-17 7.881E-19 5.734E-18 5.214E-17
8.318E+01 1.365E-19 9.736E-19 1.700E-17 7.729E-19 5.623E-18 5.114E-17
8.395E+01 1.341E-19 9.517E-19 1.657E-17 7.580E-19 5.515E-18 5.015E-17
8.472E+01 1.317E-19 9.303E-19 1.616E-17 7.434E-19 5.408E-18 4.918E-17
8.551E+01 1.294E-19 9.095E-19 1.576E-17 7.290E-19 5.304E-18 4.823E-17
8.630E+01 1.271E-19 8.893E-19 1.537E-17 7.149E-19 5.202E-18 4.730E-17
8.710E+01 1.249E-19 8.695E-19 1.499E-17 7.011E-19 5.101E-18 4.639E-17
8.790E+01 1.227E-19 8.503E-19 1.462E-17 6.876E-19 5.003E-18 4.549E-17
8.872E+01 1.205E-19 8.315E-19 1.427E-17 6.744E-19 4.906E-18 4.462E-17
8.954E+01 1.184E-19 8.133E-19 1.392E-17 6.615E-19 4.812E-18 4.376E-17
9.036E+01 1.163E-19 7.954E-19 1.359E-17 6.488E-19 4.720E-18 4.292E-17
9.120E+01 1.142E-19 7.781E-19 1.326E-17 6.364E-19 4.630E-18 4.210E-17
9.204E+01 1.122E-19 7.611E-19 1.295E-17 6.242E-19 4.541E-18 4.130E-17
9.290E+01 1.102E-19 7.446E-19 1.264E-17 6.122E-19 4.454E-18 4.050E-17
9.376E+01 1.082E-19 7.285E-19 1.234E-17 6.004E-19 4.368E-18 3.972E-17
9.462E+01 1.063E-19 7.127E-19 1.205E-17 5.889E-19 4.285E-18 3.896E-17
9.550E+01 1.044E-19 6.974E-19 1.177E-17 5.776E-19 4.202E-18 3.821E-17
9.638E+01 1.025E-19 6.824E-19 1.149E-17 5.665E-19 4.122E-18 3.748E-17
9.727E+01 1.007E-19 6.677E-19 1.123E-17 5.557E-19 4.043E-18 3.676E-17
9.817E+01 9.891E-20 6.534E-19 1.097E-17 5.451E-19 3.966E-18 3.606E-17
9.908E+01 9.714E-20 6.395E-19 1.071E-17 5.347E-19 3.890E-18 3.537E-17
1.000E+02 9.540E-20 6.259E-19 1.047E-17 5.245E-19 3.816E-18 3.470E-17
